Building DAG of jobs...
Using shell: /bin/bash
Provided cores: 1 (use --cores to define parallelism)
Rules claiming more threads will be scaled down.
Job stats:
job                          count
-------------------------  -------
all                              1
bcftools_filter_and_query        2
concat_gt_tables                 1
total                            4

Select jobs to execute...
Execute 1 jobs...

[Tue Nov  5 11:31:04 2024]
localrule bcftools_filter_and_query:
    input: example_inputs/chr21.vcf.gz, regions.tsv
    output: results/per_chrom_gt_table/chr21.tsv.gz
    log: results/per_chrom_gt_table/chr21.log
    jobid: 2
    reason: Missing output files: results/per_chrom_gt_table/chr21.tsv.gz
    wildcards: sample=chr21
    resources: tmpdir=/var/folders/6n/qsyvjjbx6394xfkzt4c8krsm0000gp/T

[Tue Nov  5 11:31:04 2024]
Finished job 2.
1 of 4 steps (25%) done
Select jobs to execute...
Execute 1 jobs...

[Tue Nov  5 11:31:04 2024]
localrule bcftools_filter_and_query:
    input: example_inputs/chr20.vcf.gz, regions.tsv
    output: results/per_chrom_gt_table/chr20.tsv.gz
    log: results/per_chrom_gt_table/chr20.log
    jobid: 1
    reason: Missing output files: results/per_chrom_gt_table/chr20.tsv.gz
    wildcards: sample=chr20
    resources: tmpdir=/var/folders/6n/qsyvjjbx6394xfkzt4c8krsm0000gp/T

[Tue Nov  5 11:31:05 2024]
Finished job 1.
2 of 4 steps (50%) done
Select jobs to execute...
Execute 1 jobs...

[Tue Nov  5 11:31:05 2024]
localrule concat_gt_tables:
    input: per_chrom_gt_table/chr20.tsv.gz, per_chrom_gt_table/chr21.tsv.gz
    output: results/concat_gt_table/genotype_table.tsv
    log: results/concat_gt_table/genotype_table.log
    jobid: 3
    reason: Missing output files: results/concat_gt_table/genotype_table.tsv
    resources: tmpdir=/var/folders/6n/qsyvjjbx6394xfkzt4c8krsm0000gp/T

[Tue Nov  5 11:31:05 2024]
Error in rule concat_gt_tables:
    jobid: 3
    input: per_chrom_gt_table/chr20.tsv.gz, per_chrom_gt_table/chr21.tsv.gz
    output: results/concat_gt_table/genotype_table.tsv
    log: results/concat_gt_table/genotype_table.log (check log file(s) for error details)
    shell:
        gunzip -c per_chrom_gt_table/chr21.tsv.gz | head -n1 > results/concat_gt_table/genotype_table.tsv \ gunzip -c for file in per_chrom_gt_table/chr20.tsv.gz per_chrom_gt_table/chr21.tsv.gz; do gunzip -c $file >> results/concat_gt_table/genotype_table.tsv; done
        (one of the commands exited with non-zero exit code; note that snakemake uses bash strict mode!)

Shutting down, this might take some time.
Exiting because a job execution failed. Look above for error message
Complete log: .snakemake/log/2024-11-05T113104.782520.snakemake.log
WorkflowError:
At least one job did not complete successfully.
