Building DAG of jobs...
Using shell: /bin/bash
Provided cores: 1 (use --cores to define parallelism)
Rules claiming more threads will be scaled down.
Job stats:
job                          count
-------------------------  -------
all                              1
bcftools_filter_and_query        2
concat_gt_tables                 1
total                            4

Select jobs to execute...
Execute 1 jobs...

[Wed Nov 13 11:11:54 2024]
localrule bcftools_filter_and_query:
    input: example_inputs/chr20.vcf.gz, regions.tsv
    output: dev_output/per_chrom_gt_table/chr20.tsv.gz
    log: dev_output/per_chrom_gt_table/chr20.log
    jobid: 2
    reason: Missing output files: dev_output/per_chrom_gt_table/chr20.tsv.gz
    wildcards: output_dir=dev_output, sample=chr20
    resources: tmpdir=/var/folders/6n/qsyvjjbx6394xfkzt4c8krsm0000gp/T

[Wed Nov 13 11:11:55 2024]
Finished job 2.
1 of 4 steps (25%) done
Select jobs to execute...
Execute 1 jobs...

[Wed Nov 13 11:11:55 2024]
localrule bcftools_filter_and_query:
    input: example_inputs/chr21.vcf.gz, regions.tsv
    output: dev_output/per_chrom_gt_table/chr21.tsv.gz
    log: dev_output/per_chrom_gt_table/chr21.log
    jobid: 1
    reason: Missing output files: dev_output/per_chrom_gt_table/chr21.tsv.gz
    wildcards: output_dir=dev_output, sample=chr21
    resources: tmpdir=/var/folders/6n/qsyvjjbx6394xfkzt4c8krsm0000gp/T

[Wed Nov 13 11:11:55 2024]
Finished job 1.
2 of 4 steps (50%) done
Select jobs to execute...
Execute 1 jobs...

[Wed Nov 13 11:11:55 2024]
localrule concat_gt_tables:
    input: dev_output/per_chrom_gt_table/chr21.tsv.gz, dev_output/per_chrom_gt_table/chr20.tsv.gz, example_inputs/chr20.vcf.gz
    output: dev_output/concat_gt_table/genotype_table.tsv.gz
    log: dev_output/concat_gt_table/genotype_table.log
    jobid: 3
    reason: Missing output files: dev_output/concat_gt_table/genotype_table.tsv.gz; Input files updated by another job: dev_output/per_chrom_gt_table/chr21.tsv.gz, dev_output/per_chrom_gt_table/chr20.tsv.gz
    wildcards: output_dir=dev_output
    resources: tmpdir=/var/folders/6n/qsyvjjbx6394xfkzt4c8krsm0000gp/T

[Wed Nov 13 11:12:00 2024]
Finished job 3.
3 of 4 steps (75%) done
Select jobs to execute...
Execute 1 jobs...

[Wed Nov 13 11:12:00 2024]
localrule all:
    input: dev_output/per_chrom_gt_table/chr21.tsv.gz, dev_output/per_chrom_gt_table/chr20.tsv.gz, dev_output/concat_gt_table/genotype_table.tsv.gz
    jobid: 0
    reason: Input files updated by another job: dev_output/concat_gt_table/genotype_table.tsv.gz, dev_output/per_chrom_gt_table/chr21.tsv.gz, dev_output/per_chrom_gt_table/chr20.tsv.gz
    resources: tmpdir=/var/folders/6n/qsyvjjbx6394xfkzt4c8krsm0000gp/T

[Wed Nov 13 11:12:00 2024]
Finished job 0.
4 of 4 steps (100%) done
Complete log: .snakemake/log/2024-11-13T111154.876527.snakemake.log
