Building DAG of jobs...
Using shell: /bin/bash
Provided cores: -1 (use --cores to define parallelism)
Rules claiming more threads will be scaled down.
Job stats:
job                 count
----------------  -------
all                     1
concat_gt_tables        1
total                   2

Select jobs to execute...
Execute 1 jobs...

[Tue Nov  5 14:35:23 2024]
localrule concat_gt_tables:
    input: results/per_chrom_gt_table/chr21.tsv.gz, results/per_chrom_gt_table/chr20.tsv.gz, example_inputs/chr20.vcf.gz
    output: results/concat_gt_table/genotype_table.tsv.gz
    log: results/concat_gt_table/genotype_table.log
    jobid: 3
    reason: Missing output files: results/concat_gt_table/genotype_table.tsv.gz
    threads: -1
    resources: tmpdir=/var/folders/6n/qsyvjjbx6394xfkzt4c8krsm0000gp/T

[Tue Nov  5 14:35:23 2024]
Finished job 3.
1 of 2 steps (50%) done
Select jobs to execute...
Execute 1 jobs...

[Tue Nov  5 14:35:23 2024]
localrule all:
    input: results/per_chrom_gt_table/chr21.tsv.gz, results/per_chrom_gt_table/chr20.tsv.gz, results/concat_gt_table/genotype_table.tsv.gz
    jobid: 0
    reason: Input files updated by another job: results/concat_gt_table/genotype_table.tsv.gz
    threads: -1
    resources: tmpdir=/var/folders/6n/qsyvjjbx6394xfkzt4c8krsm0000gp/T

[Tue Nov  5 14:35:23 2024]
Finished job 0.
2 of 2 steps (100%) done
Complete log: .snakemake/log/2024-11-05T143522.999819.snakemake.log
