Building DAG of jobs...
Using shell: /bin/bash
Provided cores: 1 (use --cores to define parallelism)
Rules claiming more threads will be scaled down.
Job stats:
job                 count
----------------  -------
all                     1
concat_gt_tables        1
total                   2

Select jobs to execute...
Execute 1 jobs...

[Tue Nov  5 11:22:38 2024]
localrule concat_gt_tables:
    input: per_chrom_gt_table/chr21.tsv.gz
    output: concat_gt_table/genotype_table.tsv.gz
    log: concat_gt_table/genotype_table.log
    jobid: 2
    reason: Missing output files: concat_gt_table/genotype_table.tsv.gz
    resources: tmpdir=/var/folders/6n/qsyvjjbx6394xfkzt4c8krsm0000gp/T

[Tue Nov  5 11:22:38 2024]
Error in rule concat_gt_tables:
    jobid: 2
    input: per_chrom_gt_table/chr21.tsv.gz
    output: concat_gt_table/genotype_table.tsv.gz
    log: concat_gt_table/genotype_table.log (check log file(s) for error details)
    shell:
        for file in gt_tables; do gunzip -c $file >> concat_gt_table/genotype_table.tsv.gz; done &> concat_gt_table/genotype_table.log
        (one of the commands exited with non-zero exit code; note that snakemake uses bash strict mode!)

Removing output files of failed job concat_gt_tables since they might be corrupted:
concat_gt_table/genotype_table.tsv.gz
Shutting down, this might take some time.
Exiting because a job execution failed. Look above for error message
Complete log: .snakemake/log/2024-11-05T112238.172439.snakemake.log
WorkflowError:
At least one job did not complete successfully.
