Building DAG of jobs...
Using shell: /bin/bash
Provided cores: 1 (use --cores to define parallelism)
Rules claiming more threads will be scaled down.
Job stats:
job                          count
-------------------------  -------
all                              1
bcftools_filter_and_query        1
write_variant_table              1
total                            3

Select jobs to execute...
Execute 1 jobs...

[Tue Nov  5 11:04:36 2024]
localrule write_variant_table:
    input: regions.tsv
    output: variant.tsv
    log: logs/bcftools_write_variant_table.log
    jobid: 2
    reason: Missing output files: variant.tsv
    resources: tmpdir=/var/folders/6n/qsyvjjbx6394xfkzt4c8krsm0000gp/T

[Tue Nov  5 11:04:39 2024]
Error in rule write_variant_table:
    jobid: 2
    input: regions.tsv
    output: variant.tsv
    log: logs/bcftools_write_variant_table.log (check log file(s) for error details)
    shell:
        
        python3 write_variant_tables.py regions.tsv variant.tsv --columns-list Chromosome PositionVCF &> logs/bcftools_write_variant_table.log
        
        (one of the commands exited with non-zero exit code; note that snakemake uses bash strict mode!)

Shutting down, this might take some time.
Exiting because a job execution failed. Look above for error message
Complete log: .snakemake/log/2024-11-05T110436.335672.snakemake.log
WorkflowError:
At least one job did not complete successfully.
