Building DAG of jobs...
Using shell: /bin/bash
Provided cores: 1 (use --cores to define parallelism)
Rules claiming more threads will be scaled down.
Job stats:
job                          count
-------------------------  -------
all                              1
bcftools_filter_and_query        1
total                            2

Select jobs to execute...
Execute 1 jobs...

[Tue Nov  5 11:05:14 2024]
localrule bcftools_filter_and_query:
    input: example_inputs/chr21.vcf.gz, regions.tsv
    output: per_chrom_gt_table/chr21.tsv.gz
    log: per_chrom_gt_table/chr21.log
    jobid: 1
    reason: Missing output files: per_chrom_gt_table/chr21.tsv.gz
    wildcards: sample=chr21
    resources: tmpdir=/var/folders/6n/qsyvjjbx6394xfkzt4c8krsm0000gp/T

[Tue Nov  5 11:05:14 2024]
Error in rule bcftools_filter_and_query:
    jobid: 1
    input: example_inputs/chr21.vcf.gz, regions.tsv
    output: per_chrom_gt_table/chr21.tsv.gz
    log: per_chrom_gt_table/chr21.log (check log file(s) for error details)
    shell:
        bcftools norm -m- -R regions.tsv --threads 1 -O z -o per_chrom_gt_table/chr21.tsv.gz example_inputs/chr21.vcf.gz | bcftools query -f '%CHROM:%POS:%REF:%ALT[	%GT]
' | bgzip -c >>per_chrom_gt_table/chr21.tsv.gz &> per_chrom_gt_table/chr21.log
        (one of the commands exited with non-zero exit code; note that snakemake uses bash strict mode!)

Removing output files of failed job bcftools_filter_and_query since they might be corrupted:
per_chrom_gt_table/chr21.tsv.gz
Shutting down, this might take some time.
Exiting because a job execution failed. Look above for error message
Complete log: .snakemake/log/2024-11-05T110514.076468.snakemake.log
WorkflowError:
At least one job did not complete successfully.
