Building DAG of jobs...
Using shell: /bin/bash
Provided cores: 1 (use --cores to define parallelism)
Rules claiming more threads will be scaled down.
Job stats:
job                 count
----------------  -------
all                     1
concat_gt_tables        1
total                   2

Select jobs to execute...
Execute 1 jobs...

[Wed Nov 13 12:40:00 2024]
localrule concat_gt_tables:
    input: dev_output2/per_chrom_gt_table/chr21.tsv.gz, dev_output2/per_chrom_gt_table/chr20.tsv.gz, example_inputs/chr20.vcf.gz
    output: dev_output2/concat_gt_table/genotype_table.tsv.gz
    log: dev_output2/concat_gt_table/genotype_table.log
    jobid: 3
    reason: Set of input files has changed since last execution; Params have changed since last execution
    wildcards: output_dir=dev_output2
    resources: tmpdir=/var/folders/6n/qsyvjjbx6394xfkzt4c8krsm0000gp/T

[Wed Nov 13 12:40:00 2024]
Finished job 3.
1 of 2 steps (50%) done
Select jobs to execute...
Execute 1 jobs...

[Wed Nov 13 12:40:00 2024]
localrule all:
    input: dev_output2/per_chrom_gt_table/chr21.tsv.gz, dev_output2/per_chrom_gt_table/chr20.tsv.gz, dev_output2/concat_gt_table/genotype_table.tsv.gz, dev_output2/regression_inputs/inheritance.tsv
    jobid: 0
    reason: Input files updated by another job: dev_output2/concat_gt_table/genotype_table.tsv.gz
    resources: tmpdir=/var/folders/6n/qsyvjjbx6394xfkzt4c8krsm0000gp/T

[Wed Nov 13 12:40:00 2024]
Finished job 0.
2 of 2 steps (100%) done
Complete log: .snakemake/log/2024-11-13T123959.308422.snakemake.log
