Building DAG of jobs...
Using shell: /bin/bash
Provided cores: 1 (use --cores to define parallelism)
Rules claiming more threads will be scaled down.
Job stats:
job                          count
-------------------------  -------
all                              1
bcftools_filter_and_query        1
total                            2

Select jobs to execute...
Execute 1 jobs...

[Tue Nov  5 11:06:41 2024]
localrule bcftools_filter_and_query:
    input: example_inputs/chr21.vcf.gz, regions.tsv
    output: per_chrom_gt_table/chr21.tsv.gz
    log: per_chrom_gt_table/chr21.log
    jobid: 1
    reason: Missing output files: per_chrom_gt_table/chr21.tsv.gz
    wildcards: sample=chr21
    resources: tmpdir=/var/folders/6n/qsyvjjbx6394xfkzt4c8krsm0000gp/T

[Tue Nov  5 11:06:41 2024]
Finished job 1.
1 of 2 steps (50%) done
Select jobs to execute...
Execute 1 jobs...

[Tue Nov  5 11:06:41 2024]
localrule all:
    input: per_chrom_gt_table/chr21.tsv.gz
    jobid: 0
    reason: Input files updated by another job: per_chrom_gt_table/chr21.tsv.gz
    resources: tmpdir=/var/folders/6n/qsyvjjbx6394xfkzt4c8krsm0000gp/T

[Tue Nov  5 11:06:41 2024]
Finished job 0.
2 of 2 steps (100%) done
Complete log: .snakemake/log/2024-11-05T110641.763687.snakemake.log
