Building DAG of jobs...
Using shell: /bin/bash
Provided cores: 1 (use --cores to define parallelism)
Rules claiming more threads will be scaled down.
Job stats:
job                       count
----------------------  -------
all                           1
regression_and_overlap        1
total                         2

Select jobs to execute...
Execute 1 jobs...

[Wed Nov 13 13:41:41 2024]
localrule regression_and_overlap:
    input: dev_output3/regression_inputs/inheritance.tsv, example_fake_covariates.tsv, fake_clinvar_21.tsv, dev_output3/concat_gt_table/genotype_table.tsv.gz
    output: dev_output3/logistic_regression_and_overlap/logistic_regresison.tsv, dev_output3/logistic_regression_and_overlap/variant_summary.tsv
    log: dev_output3/logistic_regression/regression.log
    jobid: 5
    reason: Missing output files: dev_output3/logistic_regression_and_overlap/logistic_regresison.tsv, dev_output3/logistic_regression_and_overlap/variant_summary.tsv
    wildcards: output_dir=dev_output3
    resources: tmpdir=/var/folders/6n/qsyvjjbx6394xfkzt4c8krsm0000gp/T

[Wed Nov 13 13:41:42 2024]
Finished job 5.
1 of 2 steps (50%) done
Select jobs to execute...
Execute 1 jobs...

[Wed Nov 13 13:41:42 2024]
localrule all:
    input: dev_output3/per_chrom_gt_table/chr21.tsv.gz, dev_output3/per_chrom_gt_table/chr20.tsv.gz, dev_output3/concat_gt_table/genotype_table.tsv.gz, dev_output3/regression_inputs/inheritance.tsv, dev_output3/logistic_regression_and_overlap/logistic_regresison.tsv, dev_output3/logistic_regression_and_overlap/variant_summary.tsv
    jobid: 0
    reason: Input files updated by another job: dev_output3/logistic_regression_and_overlap/logistic_regresison.tsv, dev_output3/logistic_regression_and_overlap/variant_summary.tsv
    resources: tmpdir=/var/folders/6n/qsyvjjbx6394xfkzt4c8krsm0000gp/T

[Wed Nov 13 13:41:42 2024]
Finished job 0.
2 of 2 steps (100%) done
Complete log: .snakemake/log/2024-11-13T134140.958522.snakemake.log
