Building DAG of jobs...
Using shell: /bin/bash
Provided cores: 1 (use --cores to define parallelism)
Rules claiming more threads will be scaled down.
Job stats:
job                          count
-------------------------  -------
all                              1
bcftools_filter_and_query        1
concat_gt_tables                 1
total                            3

Select jobs to execute...
Execute 1 jobs...

[Tue Nov  5 11:25:31 2024]
localrule bcftools_filter_and_query:
    input: example_inputs/chr21.vcf.gz, regions.tsv
    output: per_chrom_gt_table/chr21.tsv.gz
    log: per_chrom_gt_table/chr21.log
    jobid: 1
    reason: Missing output files: per_chrom_gt_table/chr21.tsv.gz; Code has changed since last execution
    wildcards: sample=chr21
    resources: tmpdir=/var/folders/6n/qsyvjjbx6394xfkzt4c8krsm0000gp/T

[Tue Nov  5 11:25:31 2024]
Finished job 1.
1 of 3 steps (33%) done
Select jobs to execute...
Execute 1 jobs...

[Tue Nov  5 11:25:31 2024]
localrule concat_gt_tables:
    input: per_chrom_gt_table/chr21.tsv.gz
    output: concat_gt_table/genotype_table.tsv.gz
    log: concat_gt_table/genotype_table.log
    jobid: 2
    reason: Input files updated by another job: per_chrom_gt_table/chr21.tsv.gz
    resources: tmpdir=/var/folders/6n/qsyvjjbx6394xfkzt4c8krsm0000gp/T

[Tue Nov  5 11:25:31 2024]
Finished job 2.
2 of 3 steps (67%) done
Select jobs to execute...
Execute 1 jobs...

[Tue Nov  5 11:25:31 2024]
localrule all:
    input: per_chrom_gt_table/chr21.tsv.gz, concat_gt_table/genotype_table.tsv.gz
    jobid: 0
    reason: Input files updated by another job: concat_gt_table/genotype_table.tsv.gz, per_chrom_gt_table/chr21.tsv.gz
    resources: tmpdir=/var/folders/6n/qsyvjjbx6394xfkzt4c8krsm0000gp/T

[Tue Nov  5 11:25:31 2024]
Finished job 0.
3 of 3 steps (100%) done
Complete log: .snakemake/log/2024-11-05T112531.158420.snakemake.log
