Building DAG of jobs...
Using shell: /bin/bash
Provided cores: -1 (use --cores to define parallelism)
Rules claiming more threads will be scaled down.
Job stats:
job                          count
-------------------------  -------
all                              1
bcftools_filter_and_query        2
total                            3

Select jobs to execute...
Execute 2 jobs...

[Tue Nov  5 12:01:02 2024]
localrule bcftools_filter_and_query:
    input: example_inputs/chr21.vcf.gz, regions.tsv
    output: per_chrom_gt_table/chr21.tsv.gz
    log: per_chrom_gt_table/chr21.log
    jobid: 2
    reason: Missing output files: per_chrom_gt_table/chr21.tsv.gz
    wildcards: sample=chr21
    threads: -1
    resources: tmpdir=/var/folders/6n/qsyvjjbx6394xfkzt4c8krsm0000gp/T


[Tue Nov  5 12:01:02 2024]
localrule bcftools_filter_and_query:
    input: example_inputs/chr20.vcf.gz, regions.tsv
    output: per_chrom_gt_table/chr20.tsv.gz
    log: per_chrom_gt_table/chr20.log
    jobid: 1
    reason: Missing output files: per_chrom_gt_table/chr20.tsv.gz
    wildcards: sample=chr20
    threads: -1
    resources: tmpdir=/var/folders/6n/qsyvjjbx6394xfkzt4c8krsm0000gp/T

[Tue Nov  5 12:01:02 2024]
Finished job 2.
1 of 3 steps (33%) done
[Tue Nov  5 12:01:02 2024]
Finished job 1.
2 of 3 steps (67%) done
Select jobs to execute...
Execute 1 jobs...

[Tue Nov  5 12:01:02 2024]
localrule all:
    input: per_chrom_gt_table/chr20.tsv.gz, per_chrom_gt_table/chr21.tsv.gz
    jobid: 0
    reason: Input files updated by another job: per_chrom_gt_table/chr20.tsv.gz, per_chrom_gt_table/chr21.tsv.gz
    threads: -1
    resources: tmpdir=/var/folders/6n/qsyvjjbx6394xfkzt4c8krsm0000gp/T

[Tue Nov  5 12:01:02 2024]
Finished job 0.
3 of 3 steps (100%) done
Complete log: .snakemake/log/2024-11-05T120102.814561.snakemake.log
