Building DAG of jobs...
Using shell: /bin/bash
Provided cores: -1 (use --cores to define parallelism)
Rules claiming more threads will be scaled down.
Job stats:
job                          count
-------------------------  -------
all                              1
bcftools_filter_and_query        2
concat_gt_tables                 1
total                            4

Select jobs to execute...
Execute 3 jobs...

[Tue Nov  5 11:57:49 2024]
localrule bcftools_filter_and_query:
    input: example_inputs/chr21.vcf.gz, regions.tsv
    output: results/per_chrom_gt_table/chr21.tsv.gz
    log: results/per_chrom_gt_table/chr21.log
    jobid: 2
    reason: Missing output files: results/per_chrom_gt_table/chr21.tsv.gz
    wildcards: sample=chr21
    threads: -1
    resources: tmpdir=/var/folders/6n/qsyvjjbx6394xfkzt4c8krsm0000gp/T


[Tue Nov  5 11:57:49 2024]
localrule concat_gt_tables:
    input: per_chrom_gt_table/chr20.tsv.gz, per_chrom_gt_table/chr21.tsv.gz, example_inputs/chr21.vcf.gz
    output: results/concat_gt_table/genotype_table.tsv.gz
    log: results/concat_gt_table/genotype_table.log
    jobid: 3
    reason: Missing output files: results/concat_gt_table/genotype_table.tsv.gz
    threads: -1
    resources: tmpdir=/var/folders/6n/qsyvjjbx6394xfkzt4c8krsm0000gp/T


[Tue Nov  5 11:57:49 2024]
localrule bcftools_filter_and_query:
    input: example_inputs/chr20.vcf.gz, regions.tsv
    output: results/per_chrom_gt_table/chr20.tsv.gz
    log: results/per_chrom_gt_table/chr20.log
    jobid: 1
    reason: Missing output files: results/per_chrom_gt_table/chr20.tsv.gz
    wildcards: sample=chr20
    threads: -1
    resources: tmpdir=/var/folders/6n/qsyvjjbx6394xfkzt4c8krsm0000gp/T

[Tue Nov  5 11:57:49 2024]
Error in rule concat_gt_tables:
    jobid: 3
    input: per_chrom_gt_table/chr20.tsv.gz, per_chrom_gt_table/chr21.tsv.gz, example_inputs/chr21.vcf.gz
    output: results/concat_gt_table/genotype_table.tsv.gz
    log: results/concat_gt_table/genotype_table.log (check log file(s) for error details)
    shell:
        
        bash concat.sh -f per_chrom_gt_table/chr20.tsv.gz per_chrom_gt_table/chr21.tsv.gz -v example_inputs/chr21.vcf.gz -o results/concat_gt_table/genotype_table.tsv.gz
        
        (one of the commands exited with non-zero exit code; note that snakemake uses bash strict mode!)

[Tue Nov  5 11:57:49 2024]
Error in rule bcftools_filter_and_query:
    jobid: 2
    input: example_inputs/chr21.vcf.gz, regions.tsv
    output: results/per_chrom_gt_table/chr21.tsv.gz
    log: results/per_chrom_gt_table/chr21.log (check log file(s) for error details)
    shell:
        bcftools norm -m- -R regions.tsv --threads -1 example_inputs/chr21.vcf.gz | bcftools query -f '%CHROM:%POS:%REF:%ALT[	%GT]
' | bgzip -c >> results/per_chrom_gt_table/chr21.tsv.gz
        (one of the commands exited with non-zero exit code; note that snakemake uses bash strict mode!)

[Tue Nov  5 11:57:49 2024]
Error in rule bcftools_filter_and_query:
    jobid: 1
    input: example_inputs/chr20.vcf.gz, regions.tsv
    output: results/per_chrom_gt_table/chr20.tsv.gz
    log: results/per_chrom_gt_table/chr20.log (check log file(s) for error details)
    shell:
        bcftools norm -m- -R regions.tsv --threads -1 example_inputs/chr20.vcf.gz | bcftools query -f '%CHROM:%POS:%REF:%ALT[	%GT]
' | bgzip -c >> results/per_chrom_gt_table/chr20.tsv.gz
        (one of the commands exited with non-zero exit code; note that snakemake uses bash strict mode!)

Removing output files of failed job bcftools_filter_and_query since they might be corrupted:
results/per_chrom_gt_table/chr21.tsv.gz
Removing output files of failed job bcftools_filter_and_query since they might be corrupted:
results/per_chrom_gt_table/chr20.tsv.gz
Shutting down, this might take some time.
Exiting because a job execution failed. Look above for error message
Complete log: .snakemake/log/2024-11-05T115749.949105.snakemake.log
WorkflowError:
At least one job did not complete successfully.
