Building DAG of jobs...
Using shell: /bin/bash
Provided cores: -1 (use --cores to define parallelism)
Rules claiming more threads will be scaled down.
Job stats:
job                          count
-------------------------  -------
all                              1
bcftools_filter_and_query        2
concat_gt_tables                 1
total                            4

Select jobs to execute...
Execute 2 jobs...

[Tue Nov  5 14:38:14 2024]
localrule bcftools_filter_and_query:
    input: example_inputs/chr21.vcf.gz, regions.tsv
    output: results/per_chrom_gt_table/chr21.tsv.gz
    log: results/per_chrom_gt_table/chr21.log
    jobid: 2
    reason: Missing output files: results/per_chrom_gt_table/chr21.tsv.gz
    wildcards: sample=chr21
    threads: -1
    resources: tmpdir=/var/folders/6n/qsyvjjbx6394xfkzt4c8krsm0000gp/T


[Tue Nov  5 14:38:14 2024]
localrule bcftools_filter_and_query:
    input: example_inputs/chr20.vcf.gz, regions.tsv
    output: results/per_chrom_gt_table/chr20.tsv.gz
    log: results/per_chrom_gt_table/chr20.log
    jobid: 1
    reason: Missing output files: results/per_chrom_gt_table/chr20.tsv.gz
    wildcards: sample=chr20
    threads: -1
    resources: tmpdir=/var/folders/6n/qsyvjjbx6394xfkzt4c8krsm0000gp/T

[Tue Nov  5 14:38:14 2024]
Finished job 2.
1 of 4 steps (25%) done
[Tue Nov  5 14:38:14 2024]
Finished job 1.
2 of 4 steps (50%) done
Select jobs to execute...
Execute 1 jobs...

[Tue Nov  5 14:38:14 2024]
localrule concat_gt_tables:
    input: results/per_chrom_gt_table/chr20.tsv.gz, results/per_chrom_gt_table/chr21.tsv.gz, example_inputs/chr21.vcf.gz
    output: results/concat_gt_table/genotype_table.tsv.gz
    log: results/concat_gt_table/genotype_table.log
    jobid: 3
    reason: Missing output files: results/concat_gt_table/genotype_table.tsv.gz; Input files updated by another job: results/per_chrom_gt_table/chr21.tsv.gz, results/per_chrom_gt_table/chr20.tsv.gz; Set of input files has changed since last execution; Params have changed since last execution
    threads: -1
    resources: tmpdir=/var/folders/6n/qsyvjjbx6394xfkzt4c8krsm0000gp/T

[Tue Nov  5 14:38:14 2024]
Finished job 3.
3 of 4 steps (75%) done
Select jobs to execute...
Execute 1 jobs...

[Tue Nov  5 14:38:14 2024]
localrule all:
    input: results/per_chrom_gt_table/chr20.tsv.gz, results/per_chrom_gt_table/chr21.tsv.gz, results/concat_gt_table/genotype_table.tsv.gz
    jobid: 0
    reason: Input files updated by another job: results/per_chrom_gt_table/chr21.tsv.gz, results/per_chrom_gt_table/chr20.tsv.gz, results/concat_gt_table/genotype_table.tsv.gz
    threads: -1
    resources: tmpdir=/var/folders/6n/qsyvjjbx6394xfkzt4c8krsm0000gp/T

[Tue Nov  5 14:38:14 2024]
Finished job 0.
4 of 4 steps (100%) done
Complete log: .snakemake/log/2024-11-05T143814.129711.snakemake.log
