Building DAG of jobs...
Using shell: /bin/bash
Provided cores: 1 (use --cores to define parallelism)
Rules claiming more threads will be scaled down.
Job stats:
job                 count
----------------  -------
all                     1
concat_gt_tables        1
total                   2

Select jobs to execute...
Execute 1 jobs...

[Tue Nov  5 11:31:56 2024]
localrule concat_gt_tables:
    input: per_chrom_gt_table/chr21.tsv.gz, per_chrom_gt_table/chr20.tsv.gz
    output: results/concat_gt_table/genotype_table.tsv
    log: results/concat_gt_table/genotype_table.log
    jobid: 3
    reason: Missing output files: results/concat_gt_table/genotype_table.tsv
    resources: tmpdir=/var/folders/6n/qsyvjjbx6394xfkzt4c8krsm0000gp/T

RuleException in rule concat_gt_tables in file /Users/whitesa3/Projects/GBMI-GWAS/clinvar-tc/aou_methods/Snakefile, line 104:
NameError: The name ' params ' is unknown in this context. Please make sure that you defined that variable. Also note that braces not used for variable access have to be escaped by repeating them, i.e. {{print $1}}, when formatting the following:
 gunzip - c { params } | head - n1 > { output } \ for file in {input.gt_tables}; do gunzip -c $file >> {output}; done
