Building DAG of jobs...
Using shell: /bin/bash
Provided cores: 1 (use --cores to define parallelism)
Rules claiming more threads will be scaled down.
Job stats:
job                 count
----------------  -------
all                     1
concat_gt_tables        1
total                   2

Select jobs to execute...
Execute 1 jobs...

[Tue Nov  5 11:33:07 2024]
localrule concat_gt_tables:
    input: per_chrom_gt_table/chr21.tsv.gz, per_chrom_gt_table/chr20.tsv.gz
    output: results/concat_gt_table/genotype_table.tsv
    log: results/concat_gt_table/genotype_table.log
    jobid: 3
    reason: Missing output files: results/concat_gt_table/genotype_table.tsv
    resources: tmpdir=/var/folders/6n/qsyvjjbx6394xfkzt4c8krsm0000gp/T

[Tue Nov  5 11:33:07 2024]
Error in rule concat_gt_tables:
    jobid: 3
    input: per_chrom_gt_table/chr21.tsv.gz, per_chrom_gt_table/chr20.tsv.gz
    output: results/concat_gt_table/genotype_table.tsv
    log: results/concat_gt_table/genotype_table.log (check log file(s) for error details)
    shell:
        gunzip -c per_chrom_gt_table/chr20.tsv.gz | head -n1 > results/concat_gt_table/genotype_table.tsv\ for file in per_chrom_gt_table/chr21.tsv.gz per_chrom_gt_table/chr20.tsv.gz; do gunzip -c $file >> results/concat_gt_table/genotype_table.tsv; done
        (one of the commands exited with non-zero exit code; note that snakemake uses bash strict mode!)

Shutting down, this might take some time.
Exiting because a job execution failed. Look above for error message
Complete log: .snakemake/log/2024-11-05T113307.073138.snakemake.log
WorkflowError:
At least one job did not complete successfully.
